#
# There is insufficient memory for the Java Runtime Environment to continue.
# Native memory allocation (mmap) failed to map 264241152 bytes. Error detail: G1 virtual space
# Possible reasons:
#   The system is out of physical RAM or swap space
#   This process is running with CompressedOops enabled, and the Java Heap may be blocking the growth of the native heap
# Possible solutions:
#   Reduce memory load on the system
#   Increase physical memory or swap space
#   Check if swap backing store is full
#   Decrease Java heap size (-Xmx/-Xms)
#   Decrease number of Java threads
#   Decrease Java thread stack sizes (-Xss)
#   Set larger code cache with -XX:ReservedCodeCacheSize=
#   JVM is running with Zero Based Compressed Oops mode in which the Java heap is
#     placed in the first 32GB address space. The Java Heap base address is the
#     maximum limit for the native heap growth. Please use -XX:HeapBaseMinAddress
#     to set the Java Heap base and to place the Java Heap above 32GB virtual address.
# This output file may be truncated or incomplete.
#
#  Out of Memory Error (os_windows.cpp:3925), pid=21092, tid=21320
#
# JRE version:  (21.0.8) (build )
# Java VM: OpenJDK 64-Bit Server VM (21.0.8+-14196175-b1038.72, mixed mode, sharing, tiered, compressed oops, compressed class ptrs, g1 gc, windows-amd64)
# No core dump will be written. Minidumps are not enabled by default on client versions of Windows
#

---------------  S U M M A R Y ------------

Command Line: git4idea.http.GitAskPassApp Username for 'https://github.com': 

Host: 12th Gen Intel(R) Core(TM) i7-12700H, 20 cores, 15G,  Windows 11 , 64 bit Build 26100 (10.0.26100.7309)
Time: Thu Jan  8 00:31:56 2026 W. Europe Standard Time elapsed time: 1.027436 seconds (0d 0h 0m 1s)

---------------  T H R E A D  ---------------

Current thread (0x000001e53313c740):  JavaThread "Unknown thread" [_thread_in_vm, id=21320, stack(0x00000068ac600000,0x00000068ac700000) (1024K)]

Stack: [0x00000068ac600000,0x00000068ac700000]
Native frames: (J=compiled Java code, j=interpreted, Vv=VM code, C=native code)
V  [jvm.dll+0x6d68d9]
V  [jvm.dll+0x866693]
V  [jvm.dll+0x868c4e]
V  [jvm.dll+0x869333]
V  [jvm.dll+0x280566]
V  [jvm.dll+0x6d3195]
V  [jvm.dll+0x6c69ea]
V  [jvm.dll+0x3586db]
V  [jvm.dll+0x360336]
V  [jvm.dll+0x3b23f6]
V  [jvm.dll+0x3b26c8]
V  [jvm.dll+0x32ae6c]
V  [jvm.dll+0x32bb5b]
V  [jvm.dll+0x82e109]
V  [jvm.dll+0x3bf5c8]
V  [jvm.dll+0x817388]
V  [jvm.dll+0x453b6e]
V  [jvm.dll+0x4552d1]
C  [jli.dll+0x52ab]
C  [ucrtbase.dll+0x37b0]
C  [KERNEL32.DLL+0x2e8d7]
C  [ntdll.dll+0x8c53c]


---------------  P R O C E S S  ---------------

Threads class SMR info:
_java_thread_list=0x00007ffa0e35b988, length=0, elements={
}

Java Threads: ( => current thread )
Total: 0

Other Threads:
  0x000001e5356b2000 WorkerThread "GC Thread#0"                     [id=17224, stack(0x00000068ac700000,0x00000068ac800000) (1024K)]
  0x000001e5356c29f0 ConcurrentGCThread "G1 Main Marker"            [id=12320, stack(0x00000068ac800000,0x00000068ac900000) (1024K)]
  0x000001e5356c34f0 WorkerThread "G1 Conc#0"                       [id=27656, stack(0x00000068ac900000,0x00000068aca00000) (1024K)]

[error occurred during error reporting (printing all threads), id 0xc0000005, EXCEPTION_ACCESS_VIOLATION (0xc0000005) at pc=0x00007ffa0db4ddd7]
VM state: not at safepoint (not fully initialized)

VM Mutex/Monitor currently owned by a thread:  ([mutex/lock_event])
[0x00007ffa0e3c86b8] Heap_lock - owner thread: 0x000001e53313c740

Heap address: 0x0000000705e00000, size: 4002 MB, Compressed Oops mode: Zero based, Oop shift amount: 3

CDS archive(s) mapped at: [0x0000000000000000-0x0000000000000000-0x0000000000000000), size 0, SharedBaseAddress: 0x0000000800000000, ArchiveRelocationMode: 1.
Narrow klass base: 0x0000000000000000, Narrow klass shift: 0, Narrow klass range: 0x0

GC Precious Log:
 CardTable entry size: 512
 Card Set container configuration: InlinePtr #cards 4 size 8 Array Of Cards #cards 16 size 48 Howl #buckets 8 coarsen threshold 3686 Howl Bitmap #cards 512 size 80 coarsen threshold 460 Card regions per heap region 1 cards per card region 4096

Heap:
 garbage-first heap   total 0K, used 0K [0x0000000705e00000, 0x0000000800000000)
  region size 2048K, 0 young (0K), 0 survivors (0K)
 Metaspace       used 0K, committed 0K, reserved 0K
  class space    used 0K, committed 0K, reserved 0K

Heap Regions: E=young(eden), S=young(survivor), O=old, HS=humongous(starts), HC=humongous(continues), CS=collection set, F=free, TAMS=top-at-mark-start, PB=parsable bottom

Card table byte_map: [0x000001e548910000,0x000001e5490f0000] _byte_map_base: 0x000001e5450e1000

Marking Bits: (CMBitMap*) 0x000001e5356b2700
 Bits: [0x000001e5490f0000, 0x000001e54cf78000)

GC Heap History (0 events):
No events

Dll operation events (1 events):
Event: 0.005 Loaded shared library C:\Program Files\Android\Android Studio\jbr\bin\java.dll

Deoptimization events (0 events):
No events

Classes loaded (0 events):
No events

Classes unloaded (0 events):
No events

Classes redefined (0 events):
No events

Internal exceptions (0 events):
No events

ZGC Phase Switch (0 events):
No events

VM Operations (0 events):
No events

Memory protections (0 events):
No events

Nmethod flushes (0 events):
No events

Events (0 events):
No events


Dynamic libraries:
0x00007ff649e80000 - 0x00007ff649e8a000 	C:\Program Files\Android\Android Studio\jbr\bin\java.exe
0x00007ffa8dc20000 - 0x00007ffa8de87000 	C:\WINDOWS\SYSTEM32\ntdll.dll
0x00007ffa8cdd0000 - 0x00007ffa8ce99000 	C:\WINDOWS\System32\KERNEL32.DLL
0x00007ffa8b050000 - 0x00007ffa8b43f000 	C:\WINDOWS\System32\KERNELBASE.dll
0x00007ffa87590000 - 0x00007ffa8762f000 	C:\WINDOWS\SYSTEM32\apphelp.dll
0x00007ffa8b870000 - 0x00007ffa8b9bb000 	C:\WINDOWS\System32\ucrtbase.dll
0x00007ffa56db0000 - 0x00007ffa56dcb000 	C:\Program Files\Android\Android Studio\jbr\bin\VCRUNTIME140.dll
0x00007ffa72770000 - 0x00007ffa72788000 	C:\Program Files\Android\Android Studio\jbr\bin\jli.dll
0x00007ffa8c8b0000 - 0x00007ffa8ca75000 	C:\WINDOWS\System32\USER32.dll
0x00007ffa8b710000 - 0x00007ffa8b737000 	C:\WINDOWS\System32\win32u.dll
0x00007ffa6f090000 - 0x00007ffa6f323000 	C:\WINDOWS\WinSxS\amd64_microsoft.windows.common-controls_6595b64144ccf1df_6.0.26100.7309_none_3e05feeae336a044\COMCTL32.dll
0x00007ffa8c220000 - 0x00007ffa8c24b000 	C:\WINDOWS\System32\GDI32.dll
0x00007ffa8c750000 - 0x00007ffa8c7f9000 	C:\WINDOWS\System32\msvcrt.dll
0x00007ffa8b740000 - 0x00007ffa8b86c000 	C:\WINDOWS\System32\gdi32full.dll
0x00007ffa8afa0000 - 0x00007ffa8b043000 	C:\WINDOWS\System32\msvcp_win.dll
0x00007ffa8d350000 - 0x00007ffa8d381000 	C:\WINDOWS\System32\IMM32.DLL
0x00007ffa64f50000 - 0x00007ffa64f5c000 	C:\Program Files\Android\Android Studio\jbr\bin\vcruntime140_1.dll
0x00007ffa565b0000 - 0x00007ffa5663d000 	C:\Program Files\Android\Android Studio\jbr\bin\msvcp140.dll
0x00007ffa0d810000 - 0x00007ffa0e4a6000 	C:\Program Files\Android\Android Studio\jbr\bin\server\jvm.dll
0x00007ffa8bf80000 - 0x00007ffa8c034000 	C:\WINDOWS\System32\ADVAPI32.dll
0x00007ffa8d190000 - 0x00007ffa8d236000 	C:\WINDOWS\System32\sechost.dll
0x00007ffa8c100000 - 0x00007ffa8c218000 	C:\WINDOWS\System32\RPCRT4.dll
0x00007ffa8d400000 - 0x00007ffa8d474000 	C:\WINDOWS\System32\WS2_32.dll
0x00007ffa89940000 - 0x00007ffa8999e000 	C:\WINDOWS\SYSTEM32\POWRPROF.dll
0x00007ffa81680000 - 0x00007ffa816b5000 	C:\WINDOWS\SYSTEM32\WINMM.dll
0x00007ffa831a0000 - 0x00007ffa831ab000 	C:\WINDOWS\SYSTEM32\VERSION.dll
0x00007ffa89920000 - 0x00007ffa89934000 	C:\WINDOWS\SYSTEM32\UMPDC.dll
0x00007ffa89b60000 - 0x00007ffa89b7b000 	C:\WINDOWS\SYSTEM32\kernel.appcore.dll
0x00007ffa5b0c0000 - 0x00007ffa5b0ca000 	C:\Program Files\Android\Android Studio\jbr\bin\jimage.dll
0x00007ffa88540000 - 0x00007ffa88782000 	C:\WINDOWS\SYSTEM32\DBGHELP.DLL
0x00007ffa8c250000 - 0x00007ffa8c5d5000 	C:\WINDOWS\System32\combase.dll
0x00007ffa8b9f0000 - 0x00007ffa8bac6000 	C:\WINDOWS\System32\OLEAUT32.dll
0x00007ffa58150000 - 0x00007ffa5818c000 	C:\WINDOWS\SYSTEM32\dbgcore.DLL
0x00007ffa8aef0000 - 0x00007ffa8af95000 	C:\WINDOWS\System32\bcryptPrimitives.dll
0x00007ffa56d70000 - 0x00007ffa56d90000 	C:\Program Files\Android\Android Studio\jbr\bin\java.dll

JVMTI agents: none

dbghelp: loaded successfully - version: 4.0.5 - missing functions: none
symbol engine: initialized successfully - sym options: 0x614 - pdb path: .;C:\Program Files\Android\Android Studio\jbr\bin;C:\WINDOWS\SYSTEM32;C:\WINDOWS\WinSxS\amd64_microsoft.windows.common-controls_6595b64144ccf1df_6.0.26100.7309_none_3e05feeae336a044;C:\Program Files\Android\Android Studio\jbr\bin\server

VM Arguments:
java_command: git4idea.http.GitAskPassApp Username for 'https://github.com': 
java_class_path (initial): C:/Program Files/Android/Android Studio/plugins/vcs-git/lib/git4idea-rt.jar;C:/Program Files/Android/Android Studio/lib/externalProcess-rt.jar
Launcher Type: SUN_STANDARD

[Global flags]
     intx CICompilerCount                          = 12                                        {product} {ergonomic}
     uint ConcGCThreads                            = 4                                         {product} {ergonomic}
     uint G1ConcRefinementThreads                  = 15                                        {product} {ergonomic}
   size_t G1HeapRegionSize                         = 2097152                                   {product} {ergonomic}
    uintx GCDrainStackTargetSize                   = 64                                        {product} {ergonomic}
   size_t InitialHeapSize                          = 264241152                                 {product} {ergonomic}
   size_t MarkStackSize                            = 4194304                                   {product} {ergonomic}
   size_t MaxHeapSize                              = 4196401152                                {product} {ergonomic}
   size_t MinHeapDeltaBytes                        = 2097152                                   {product} {ergonomic}
   size_t MinHeapSize                              = 8388608                                   {product} {ergonomic}
    uintx NonNMethodCodeHeapSize                   = 7602480                                {pd product} {ergonomic}
    uintx NonProfiledCodeHeapSize                  = 122027880                              {pd product} {ergonomic}
    uintx ProfiledCodeHeapSize                     = 122027880                              {pd product} {ergonomic}
    uintx ReservedCodeCacheSize                    = 251658240                              {pd product} {ergonomic}
     bool SegmentedCodeCache                       = true                                      {product} {ergonomic}
   size_t SoftMaxHeapSize                          = 4196401152                             {manageable} {ergonomic}
     bool UseCompressedOops                        = true                           {product lp64_product} {ergonomic}
     bool UseG1GC                                  = true                                      {product} {ergonomic}
     bool UseLargePagesIndividualAllocation        = false                                  {pd product} {ergonomic}

Logging:
Log output configuration:
 #0: stdout all=warning uptime,level,tags foldmultilines=false
 #1: stderr all=off uptime,level,tags foldmultilines=false

Environment Variables:
JAVA_HOME=C:\Program Files\jdk-11.0.0.2
PATH=C:\Program Files\Git\mingw64\libexec\git-core;C:\Program Files\Git\mingw64\libexec\git-core;C:\Program Files\Git\mingw64\bin;C:\Program Files\Git\usr\bin;C:\Users\Edina\bin;C:\Users\Edina\AppData\Local\Programs\cursor\resources\app\bin;C:\Program Files\Google\Chrome\Application;C:\Windows\system32;C:\Windows;C:\Windows\System32\Wbem;C:\Windows\System32\WindowsPowerShell\v1.0;C:\Windows\System32\OpenSSH;C:\Program Files\NVIDIA Corporation\NVIDIA NvDLISR;C:\Program Files (x86)\NVIDIA Corporation\PhysX\Common;C:\Program Files\dotnet;C:\Users\Edina\AppData\Local\Programs\Python\Python313;C:\Users\Edina\AppData\Local\Programs\Python\Python313\Scripts;C:\Users\Edina\AppData\Local\Packages\PythonSoftwareFoundation.Python.3.13_qbz5n2kfra8p0\LocalCache\local-packages\Python313\Scripts;C:\Users\Edina\AppData\Local\Packages\PythonSoftwareFoundation.Python.3.13_qbz5n2kfra8p0\LocalCache\local-packages\Python313;C:\Program Files\Git\cmd;C:\Users\Edina\AppData\Local\nvm;C:\nvm4w\nodejs;C:\Program Files\nodejs;C:\Users\Edina\AppData\Local\Programs\Python\Python312\Scripts;C:\Users\Edina\AppData\Local\Programs\Python\Py;C:\Program Files\apache-maven-3.9.9\bin;C:\Program Files\jdk-11.0.0.2\bin;C:\Windows\System32;C:\WINDOWS\system32;C:\WINDOWS;C:\WINDOWS\System32\Wbem;C:\WINDOWS\System32\WindowsPowerShell\v1.0;C:\WINDOWS\System32\OpenSSH;C:\Users\Edina\AppData\Local\Programs\Python\Python311\Scripts;C:\Users\Edina\AppData\Local\Programs\Python\Python311;C:\Users\Edina\AppData\Local\Programs\Python\Python312\Scripts;C:\Users\Edina\AppData\Local\Programs\Python\Python312;C:\Users\Edina\AppData\Local\Programs\Python\Launcher;C:\Users\Edina\AppData\Local\Microsoft\WindowsApps;C:\Users\Edina\AppData\Local\Programs\Microsoft VS Code\bin;C:\Users\Edina\.dotnet\tools;C:\Program Files\JetBrains\PyCharm Community Edition 2024.3.2\bin;C:\Users\Edina\AppData\Local\Microsoft\WinGet\Packages\Schniz.fnm_Microsoft.Winget.Source_8wekyb3d8bbwe;C:\Users\Edina\AppData\Local\nvm;C:\nvm4w\nodejs;C:\Users\Edina\AppData\Roaming\npm;C:\Users\Edina\AppData\Local\Programs\cursor\resources\app\bin
USERNAME=Edina
DISPLAY=:0.0
LC_ALL=en_US.UTF-8
TERM=xterm-256color
TMPDIR=C:\Users\Edina\AppData\Local\Temp
OS=Windows_NT
PROCESSOR_IDENTIFIER=Intel64 Family 6 Model 154 Stepping 3, GenuineIntel
TMP=C:\Users\Edina\AppData\Local\Temp
TEMP=C:\Users\Edina\AppData\Local\Temp




Periodic native trim disabled

JNI global refs:
JNI global refs: 0, weak refs: 0

JNI global refs memory usage: 0, weak refs: 0

Process memory usage:
Resident Set Size: 14092K (0% of 16388840K total physical memory with 2985392K free physical memory)

OOME stack traces (most recent first):
Classloader memory used:

---------------  S Y S T E M  ---------------

OS:
 Windows 11 , 64 bit Build 26100 (10.0.26100.7309)
OS uptime: 0 days 3:34 hours
Hyper-V role detected

CPU: total 20 (initial active 20) (10 cores per cpu, 2 threads per core) family 6 model 154 stepping 3 microcode 0x434, cx8, cmov, fxsr, ht, mmx, 3dnowpref, sse, sse2, sse3, ssse3, sse4.1, sse4.2, popcnt, lzcnt, tsc, tscinvbit, avx, avx2, aes, erms, clmul, bmi1, bmi2, adx, sha, fma, vzeroupper, clflush, clflushopt, clwb, hv, serialize, rdtscp, rdpid, fsrm, f16c, cet_ibt, cet_ss
Processor Information for the first 20 processors :
  Max Mhz: 2300, Current Mhz: 2300, Mhz Limit: 2300

Memory: 4k page, system-wide physical 16004M (2915M free)
TotalPageFile size 18052M (AvailPageFile size 101M)
current process WorkingSet (physical memory assigned to process): 13M, peak: 13M
current process commit charge ("private bytes"): 75M, peak: 327M

vm_info: OpenJDK 64-Bit Server VM (21.0.8+-14196175-b1038.72) for windows-amd64 JRE (21.0.8+-14196175-b1038.72), built on 2025-10-01T10:24:33Z by "builder" with MS VC++ 16.10 / 16.11 (VS2019)

END.
